[03Sep2025 00:01:56.635] [Server thread/INFO] [net.minecraft.server.MinecraftServer/]: lucroto has made the advancement [We Need to Go Deeper]
[03Sep2025 00:01:58.969] [Server thread/WARN] [net.minecraft.server.MinecraftServer/]: Can't keep up! Is the server overloaded? Running 2431ms or 48 ticks behind
[03Sep2025 00:02:24.855] [Server thread/INFO] [net.minecraft.server.MinecraftServer/]: lucroto has made the advancement [A Throwaway Joke]
[03Sep2025 00:04:13.797] [Server thread/INFO] [net.minecraft.server.MinecraftServer/]: lucroto burned to death
[03Sep2025 00:29:41.252] [Server thread/INFO] [net.minecraft.server.players.PlayerList/]: lol[/127.149.22.2:49393] logged in with entity id 13198 at (383.13118243556914, 63.0, 300.5717066440708)
[03Sep2025 00:29:41.285] [Server thread/INFO] [net.minecraft.server.MinecraftServer/]: lol joined the game
[03Sep2025 00:29:51.233] [Server thread/INFO] [net.minecraft.server.MinecraftServer/]: [Not Secure] <lucroto> dou
[03Sep2025 00:31:55.856] [Server thread/INFO] [net.minecraft.server.network.ServerGamePacketListenerImpl/]: lucroto lost connection: Disconnected
[03Sep2025 00:31:55.857] [Server thread/INFO] [net.minecraft.server.MinecraftServer/]: lucroto left the game
[03Sep2025 00:31:55.907] [Server thread/WARN] [net.minecraft.network.Connection/]: handleDisconnection() called twice
[03Sep2025 00:32:32.063] [Server thread/INFO] [net.minecraft.server.players.PlayerList/]: lucroto[/127.157.203.231:35221] logged in with entity id 15031 at (665.2478300238232, 86.0, 291.8828698487738)
[03Sep2025 00:32:32.070] [Server thread/INFO] [net.minecraft.server.MinecraftServer/]: lucroto joined the game
[03Sep2025 00:32:51.184] [Server thread/INFO] [net.minecraft.server.MinecraftServer/]: [Not Secure] <lucroto> te saco del sv??
[03Sep2025 00:32:57.882] [Server thread/INFO] [net.minecraft.server.MinecraftServer/]: [Not Secure] <lol> no
[03Sep2025 00:33:02.536] [Server thread/INFO] [net.minecraft.server.MinecraftServer/]: [Not Secure] <lucroto> dou
[03Sep2025 00:39:33.057] [Server thread/INFO] [net.minecraft.server.network.ServerGamePacketListenerImpl/]: lol lost connection: Disconnected
[03Sep2025 00:39:33.058] [Server thread/INFO] [net.minecraft.server.MinecraftServer/]: lol left the game
[03Sep2025 00:43:51.108] [Server thread/INFO] [net.minecraft.server.MinecraftServer/]: lucroto fell from a high place
[03Sep2025 00:45:34.356] [Server thread/INFO] [net.minecraft.server.MinecraftServer/]: [Not Secure] <lucroto> metete a ds ciralol
[03Sep2025 00:47:56.472] [Server thread/INFO] [net.minecraft.server.players.PlayerList/]: Luiss[/127.19.209.213:55777] logged in with entity id 28945 at (404.79589303515, 64.0, 198.35061705081918)
[03Sep2025 00:47:56.480] [Server thread/INFO] [net.minecraft.server.MinecraftServer/]: Luiss joined the game
[03Sep2025 00:49:46.111] [Server thread/ERROR] [VS2 Get Entities Mixin/]: java.lang.Exception: Collision box is too big! AABB[-2.8596214650000006E7, 65.0722760183747, 225.49222937226295] -> [402.24825759232044, 66.87227597069098, 1.2290051650000006E7] returning empty list! this might break things
[03Sep2025 00:49:51.110] [Server thread/ERROR] [VS2 Get Entities Mixin/]: java.lang.Exception: Collision box is too big! AABB[-2.8596214650000006E7, 66.0, 250.95794589050533] -> [420.8943348580137, 77.08407841770915, 1.2290051650000006E7] returning empty list! this might break things
[03Sep2025 00:49:56.154] [Server thread/ERROR] [VS2 Get Entities Mixin/]: java.lang.Exception: Collision box is too big! AABB[-2.8596214650000006E7, 66.0, 264.51778994109446] -> [481.78055387637335, 81.92555031054692, 1.2290051650000006E7] returning empty list! this might break things
[03Sep2025 00:50:01.208] [Server thread/ERROR] [VS2 Get Entities Mixin/]: java.lang.Exception: Collision box is too big! AABB[-2.8596214650000006E7, 66.0, 267.79168666970844] -> [551.7412937829606, 84.29058813673234, 1.2290051650000006E7] returning empty list! this might break things
[03Sep2025 00:50:06.252] [Server thread/ERROR] [VS2 Get Entities Mixin/]: java.lang.Exception: Collision box is too big! AABB[-2.8596214650000006E7, 66.0, 251.62502950667837] -> [623.8747994860612, 100.76121901428637, 1.2290051650000006E7] returning empty list! this might break things
[03Sep2025 00:50:11.301] [Server thread/ERROR] [VS2 Get Entities Mixin/]: java.lang.Exception: Collision box is too big! AABB[-2.8596214650000006E7, 66.0, 248.52883733063936] -> [637.2154813073575, 98.79999990376609, 1.2290051650000006E7] returning empty list! this might break things
